DEBUG 2022-01-13 18:43:04,225 - CoInitializeEx(None, 2)
INFO 2022-01-13 18:43:04,319 - Imported existing <module 'comtypes.gen' from 'C:\\Users\\astroxiii\\AppData\\Local\\Programs\\Python\\Python36\\lib\\site-packages\\comtypes\\gen\\__init__.py'>
INFO 2022-01-13 18:43:04,320 - Using writeable comtypes cache directory: 'C:\Users\astroxiii\AppData\Local\Programs\Python\Python36\lib\site-packages\comtypes\gen'
DEBUG 2022-01-13 18:43:04,904 - pre_processor_funcs: [<function tone_marks at 0x0000021186300AE8>, <function end_of_line at 0x000002118630D2F0>, <function abbreviations at 0x000002118630D378>, <function word_sub at 0x000002118630D400>]
DEBUG 2022-01-13 18:43:04,905 - lang_check: True
DEBUG 2022-01-13 18:43:04,906 - slow: False
DEBUG 2022-01-13 18:43:04,907 - lang: en
DEBUG 2022-01-13 18:43:04,907 - tld: com
DEBUG 2022-01-13 18:43:04,907 - text: the time is 18:43 PM 
DEBUG 2022-01-13 18:43:04,908 - langs: {'af': 'Afrikaans', 'ar': 'Arabic', 'bg': 'Bulgarian', 'bn': 'Bengali', 'bs': 'Bosnian', 'ca': 'Catalan', 'cs': 'Czech', 'cy': 'Welsh', 'da': 'Danish', 'de': 'German', 'el': 'Greek', 'en': 'English', 'eo': 'Esperanto', 'es': 'Spanish', 'et': 'Estonian', 'fi': 'Finnish', 'fr': 'French', 'gu': 'Gujarati', 'hi': 'Hindi', 'hr': 'Croatian', 'hu': 'Hungarian', 'hy': 'Armenian', 'id': 'Indonesian', 'is': 'Icelandic', 'it': 'Italian', 'ja': 'Japanese', 'jw': 'Javanese', 'km': 'Khmer', 'kn': 'Kannada', 'ko': 'Korean', 'la': 'Latin', 'lv': 'Latvian', 'mk': 'Macedonian', 'ml': 'Malayalam', 'mr': 'Marathi', 'my': 'Myanmar (Burmese)', 'ne': 'Nepali', 'nl': 'Dutch', 'no': 'Norwegian', 'pl': 'Polish', 'pt': 'Portuguese', 'ro': 'Romanian', 'ru': 'Russian', 'si': 'Sinhala', 'sk': 'Slovak', 'sq': 'Albanian', 'sr': 'Serbian', 'su': 'Sundanese', 'sv': 'Swedish', 'sw': 'Swahili', 'ta': 'Tamil', 'te': 'Telugu', 'th': 'Thai', 'tl': 'Filipino', 'tr': 'Turkish', 'uk': 'Ukrainian', 'ur': 'Urdu', 'vi': 'Vietnamese', 'zh-CN': 'Chinese', 'zh-TW': 'Chinese (Mandarin/Taiwan)', 'zh': 'Chinese (Mandarin)'}
DEBUG 2022-01-13 18:43:04,909 - pre-processing: <function tone_marks at 0x0000021186300AE8>
DEBUG 2022-01-13 18:43:04,910 - pre-processing: <function end_of_line at 0x000002118630D2F0>
DEBUG 2022-01-13 18:43:04,910 - pre-processing: <function abbreviations at 0x000002118630D378>
DEBUG 2022-01-13 18:43:04,912 - pre-processing: <function word_sub at 0x000002118630D400>
DEBUG 2022-01-13 18:43:04,912 - text_parts: ['the time is 18:43 PM']
DEBUG 2022-01-13 18:43:04,912 - text_parts: 1
DEBUG 2022-01-13 18:43:04,913 - data-0: f.req=%5B%5B%5B%22jQ1olc%22%2C%22%5B%5C%22the%20time%20is%2018%3A43%20PM%5C%22%2C%5C%22en%5C%22%2Cnull%2C%5C%22null%5C%22%5D%22%2Cnull%2C%22generic%22%5D%5D%5D&
DEBUG 2022-01-13 18:43:04,914 - Starting new HTTPS connection (1): translate.google.com:443
DEBUG 2022-01-13 18:43:06,031 - https://translate.google.com:443 "POST /_/TranslateWebserverUi/data/batchexecute HTTP/1.1" 200 None
DEBUG 2022-01-13 18:43:06,048 - headers-0: {'Referer': 'http://translate.google.com/', 'User-Agent': 'Mozilla/5.0 (Windows NT 10.0; WOW64) AppleWebKit/537.36 (KHTML, like Gecko) Chrome/47.0.2526.106 Safari/537.36', 'Content-Type': 'application/x-www-form-urlencoded;charset=utf-8', 'Content-Length': '160'}
DEBUG 2022-01-13 18:43:06,049 - url-0: https://translate.google.com/_/TranslateWebserverUi/data/batchexecute
DEBUG 2022-01-13 18:43:06,049 - status-0: 200
DEBUG 2022-01-13 18:43:06,050 - part-0 written to <_io.BufferedWriter name='temp7204512.mp3'>
DEBUG 2022-01-13 18:43:06,051 - Saved to temp7204512.mp3
ERROR 2022-01-13 18:44:13,466 - 
ERROR 2022-01-13 18:44:13,536 - 'NoneType' object is not iterable
DEBUG 2022-01-13 18:44:13,584 - pre_processor_funcs: [<function tone_marks at 0x0000021186300AE8>, <function end_of_line at 0x000002118630D2F0>, <function abbreviations at 0x000002118630D378>, <function word_sub at 0x000002118630D400>]
DEBUG 2022-01-13 18:44:13,585 - lang_check: True
DEBUG 2022-01-13 18:44:13,585 - slow: False
DEBUG 2022-01-13 18:44:13,585 - lang: en
DEBUG 2022-01-13 18:44:13,585 - tld: com
DEBUG 2022-01-13 18:44:13,585 - text: Sorry i didn't get that !
DEBUG 2022-01-13 18:44:13,585 - langs: {'af': 'Afrikaans', 'ar': 'Arabic', 'bg': 'Bulgarian', 'bn': 'Bengali', 'bs': 'Bosnian', 'ca': 'Catalan', 'cs': 'Czech', 'cy': 'Welsh', 'da': 'Danish', 'de': 'German', 'el': 'Greek', 'en': 'English', 'eo': 'Esperanto', 'es': 'Spanish', 'et': 'Estonian', 'fi': 'Finnish', 'fr': 'French', 'gu': 'Gujarati', 'hi': 'Hindi', 'hr': 'Croatian', 'hu': 'Hungarian', 'hy': 'Armenian', 'id': 'Indonesian', 'is': 'Icelandic', 'it': 'Italian', 'ja': 'Japanese', 'jw': 'Javanese', 'km': 'Khmer', 'kn': 'Kannada', 'ko': 'Korean', 'la': 'Latin', 'lv': 'Latvian', 'mk': 'Macedonian', 'ml': 'Malayalam', 'mr': 'Marathi', 'my': 'Myanmar (Burmese)', 'ne': 'Nepali', 'nl': 'Dutch', 'no': 'Norwegian', 'pl': 'Polish', 'pt': 'Portuguese', 'ro': 'Romanian', 'ru': 'Russian', 'si': 'Sinhala', 'sk': 'Slovak', 'sq': 'Albanian', 'sr': 'Serbian', 'su': 'Sundanese', 'sv': 'Swedish', 'sw': 'Swahili', 'ta': 'Tamil', 'te': 'Telugu', 'th': 'Thai', 'tl': 'Filipino', 'tr': 'Turkish', 'uk': 'Ukrainian', 'ur': 'Urdu', 'vi': 'Vietnamese', 'zh-CN': 'Chinese', 'zh-TW': 'Chinese (Mandarin/Taiwan)', 'zh': 'Chinese (Mandarin)'}
DEBUG 2022-01-13 18:44:13,587 - pre-processing: <function tone_marks at 0x0000021186300AE8>
DEBUG 2022-01-13 18:44:13,587 - pre-processing: <function end_of_line at 0x000002118630D2F0>
DEBUG 2022-01-13 18:44:13,587 - pre-processing: <function abbreviations at 0x000002118630D378>
DEBUG 2022-01-13 18:44:13,587 - pre-processing: <function word_sub at 0x000002118630D400>
DEBUG 2022-01-13 18:44:13,588 - text_parts: ["Sorry i didn't get that !"]
DEBUG 2022-01-13 18:44:13,588 - text_parts: 1
DEBUG 2022-01-13 18:44:13,588 - data-0: f.req=%5B%5B%5B%22jQ1olc%22%2C%22%5B%5C%22Sorry%20i%20didn%27t%20get%20that%20%21%5C%22%2C%5C%22en%5C%22%2Cnull%2C%5C%22null%5C%22%5D%22%2Cnull%2C%22generic%22%5D%5D%5D&
DEBUG 2022-01-13 18:44:13,590 - Starting new HTTPS connection (1): translate.google.com:443
DEBUG 2022-01-13 18:44:14,199 - https://translate.google.com:443 "POST /_/TranslateWebserverUi/data/batchexecute HTTP/1.1" 200 None
DEBUG 2022-01-13 18:44:14,216 - headers-0: {'Referer': 'http://translate.google.com/', 'User-Agent': 'Mozilla/5.0 (Windows NT 10.0; WOW64) AppleWebKit/537.36 (KHTML, like Gecko) Chrome/47.0.2526.106 Safari/537.36', 'Content-Type': 'application/x-www-form-urlencoded;charset=utf-8', 'Content-Length': '169'}
DEBUG 2022-01-13 18:44:14,217 - url-0: https://translate.google.com/_/TranslateWebserverUi/data/batchexecute
DEBUG 2022-01-13 18:44:14,217 - status-0: 200
DEBUG 2022-01-13 18:44:14,218 - part-0 written to <_io.BufferedWriter name='temp4222698.mp3'>
DEBUG 2022-01-13 18:44:14,218 - Saved to temp4222698.mp3
DEBUG 2022-01-13 18:44:20,325 - pre_processor_funcs: [<function tone_marks at 0x0000021186300AE8>, <function end_of_line at 0x000002118630D2F0>, <function abbreviations at 0x000002118630D378>, <function word_sub at 0x000002118630D400>]
DEBUG 2022-01-13 18:44:20,325 - lang_check: True
DEBUG 2022-01-13 18:44:20,325 - slow: False
DEBUG 2022-01-13 18:44:20,325 - lang: en
DEBUG 2022-01-13 18:44:20,325 - tld: com
DEBUG 2022-01-13 18:44:20,325 - text: here's what i found
DEBUG 2022-01-13 18:44:20,325 - langs: {'af': 'Afrikaans', 'ar': 'Arabic', 'bg': 'Bulgarian', 'bn': 'Bengali', 'bs': 'Bosnian', 'ca': 'Catalan', 'cs': 'Czech', 'cy': 'Welsh', 'da': 'Danish', 'de': 'German', 'el': 'Greek', 'en': 'English', 'eo': 'Esperanto', 'es': 'Spanish', 'et': 'Estonian', 'fi': 'Finnish', 'fr': 'French', 'gu': 'Gujarati', 'hi': 'Hindi', 'hr': 'Croatian', 'hu': 'Hungarian', 'hy': 'Armenian', 'id': 'Indonesian', 'is': 'Icelandic', 'it': 'Italian', 'ja': 'Japanese', 'jw': 'Javanese', 'km': 'Khmer', 'kn': 'Kannada', 'ko': 'Korean', 'la': 'Latin', 'lv': 'Latvian', 'mk': 'Macedonian', 'ml': 'Malayalam', 'mr': 'Marathi', 'my': 'Myanmar (Burmese)', 'ne': 'Nepali', 'nl': 'Dutch', 'no': 'Norwegian', 'pl': 'Polish', 'pt': 'Portuguese', 'ro': 'Romanian', 'ru': 'Russian', 'si': 'Sinhala', 'sk': 'Slovak', 'sq': 'Albanian', 'sr': 'Serbian', 'su': 'Sundanese', 'sv': 'Swedish', 'sw': 'Swahili', 'ta': 'Tamil', 'te': 'Telugu', 'th': 'Thai', 'tl': 'Filipino', 'tr': 'Turkish', 'uk': 'Ukrainian', 'ur': 'Urdu', 'vi': 'Vietnamese', 'zh-CN': 'Chinese', 'zh-TW': 'Chinese (Mandarin/Taiwan)', 'zh': 'Chinese (Mandarin)'}
DEBUG 2022-01-13 18:44:20,327 - pre-processing: <function tone_marks at 0x0000021186300AE8>
DEBUG 2022-01-13 18:44:20,327 - pre-processing: <function end_of_line at 0x000002118630D2F0>
DEBUG 2022-01-13 18:44:20,333 - pre-processing: <function abbreviations at 0x000002118630D378>
DEBUG 2022-01-13 18:44:20,333 - pre-processing: <function word_sub at 0x000002118630D400>
DEBUG 2022-01-13 18:44:20,334 - text_parts: ["here's what i found"]
DEBUG 2022-01-13 18:44:20,334 - text_parts: 1
DEBUG 2022-01-13 18:44:20,334 - data-0: f.req=%5B%5B%5B%22jQ1olc%22%2C%22%5B%5C%22here%27s%20what%20i%20found%5C%22%2C%5C%22en%5C%22%2Cnull%2C%5C%22null%5C%22%5D%22%2Cnull%2C%22generic%22%5D%5D%5D&
DEBUG 2022-01-13 18:44:20,336 - Starting new HTTPS connection (1): translate.google.com:443
DEBUG 2022-01-13 18:44:20,919 - https://translate.google.com:443 "POST /_/TranslateWebserverUi/data/batchexecute HTTP/1.1" 200 None
DEBUG 2022-01-13 18:44:20,930 - headers-0: {'Referer': 'http://translate.google.com/', 'User-Agent': 'Mozilla/5.0 (Windows NT 10.0; WOW64) AppleWebKit/537.36 (KHTML, like Gecko) Chrome/47.0.2526.106 Safari/537.36', 'Content-Type': 'application/x-www-form-urlencoded;charset=utf-8', 'Content-Length': '157'}
DEBUG 2022-01-13 18:44:20,930 - url-0: https://translate.google.com/_/TranslateWebserverUi/data/batchexecute
DEBUG 2022-01-13 18:44:20,930 - status-0: 200
DEBUG 2022-01-13 18:44:20,931 - part-0 written to <_io.BufferedWriter name='temp17052930.mp3'>
DEBUG 2022-01-13 18:44:20,931 - Saved to temp17052930.mp3
